<?xml version="1.0" encoding="UTF-8"?>
<!-- Generated by org.testng.reporters.JUnitReportReporter -->
<testsuite hostname="PREETISH" name="testngprogrammes.SampleTestNG" tests="5" failures="0" timestamp="20 Feb 2018 08:53:52 GMT" time="0.049" errors="0">
  <testcase name="sampledata3" time="0.017" classname="testngprogrammes.SampleTestNG"/>
  <testcase name="sampledatatest1" time="0.016" classname="testngprogrammes.SampleTestNG"/>
  <testcase name="sampledatatest1" time="0.000" classname="testngprogrammes.SampleTestNG"/>
  <testcase name="sampledatatest2" time="0.016" classname="testngprogrammes.SampleTestNG"/>
  <testcase name="sampledatatest1" time="0.000" classname="testngprogrammes.SampleTestNG"/>
</testsuite> <!-- testngprogrammes.SampleTestNG -->
