<?xml version="1.0" encoding="UTF-8"?>
<!-- Generated by org.testng.reporters.JUnitReportReporter -->
<testsuite hostname="PREETISH" name="testngprogrammes.GroupTestinTestNG" tests="2" failures="0" timestamp="20 Feb 2018 11:05:03 GMT" time="0.020" errors="0">
  <testcase name="login" time="0.017" classname="testngprogrammes.GroupTestinTestNG"/>
  <testcase name="logout" time="0.003" classname="testngprogrammes.GroupTestinTestNG"/>
</testsuite> <!-- testngprogrammes.GroupTestinTestNG -->
