<?xml version="1.0" encoding="UTF-8"?>
<!-- Generated by org.testng.reporters.JUnitReportReporter -->
<testsuite hostname="PREETISH" name="basicseleniums.ScreenshootGoogle" tests="1" failures="0" timestamp="20 Feb 2018 20:46:08 GMT" time="12.713" errors="0">
  <testcase name="TestJava" time="12.713" classname="basicseleniums.ScreenshootGoogle"/>
</testsuite> <!-- basicseleniums.ScreenshootGoogle -->
